<?xml version="1.0" encoding="UTF-8"?>
<robot generator="Robot 7.0.1 (Python 3.12.5 on win32)" generated="2024-09-08T02:33:48.872299" rpa="false" schemaversion="5">
<suite id="s1" name="Variable" source="C:\Users\howah\Documents\pycharm\TestProject\HowtoUseConditionVariable\variable.robot">
<test id="s1-t1" name="Test Variable test" line="6">
<kw name="Set Variable" owner="BuiltIn">
<msg time="2024-09-08T02:33:49.222892" level="INFO">${var} = YES</msg>
<var>${var}</var>
<arg>YES</arg>
<doc>Returns the given values which can then be assigned to a variables.</doc>
<status status="PASS" start="2024-09-08T02:33:49.222892" elapsed="0.000000"/>
</kw>
<kw name="Run Keyword If" owner="BuiltIn">
<kw name="Log To Console" owner="BuiltIn">
<arg>Value Found</arg>
<doc>Logs the given message to the console.</doc>
<status status="PASS" start="2024-09-08T02:33:49.223890" elapsed="0.001000"/>
</kw>
<arg>'${var}'=='YES'</arg>
<arg>log to console</arg>
<arg>Value Found</arg>
<doc>Runs the given keyword with the given arguments, if ``condition`` is true.</doc>
<status status="PASS" start="2024-09-08T02:33:49.223890" elapsed="0.001000"/>
</kw>
<kw name="Run Keyword If" owner="BuiltIn">
<arg>'${var}'=='NO'</arg>
<arg>LOG TO CONSOLE</arg>
<arg>Value Not Found</arg>
<doc>Runs the given keyword with the given arguments, if ``condition`` is true.</doc>
<status status="PASS" start="2024-09-08T02:33:49.224890" elapsed="0.001026"/>
</kw>
<status status="PASS" start="2024-09-08T02:33:49.221890" elapsed="0.004026"/>
</test>
<status status="PASS" start="2024-09-08T02:33:48.874301" elapsed="0.353587"/>
</suite>
<statistics>
<total>
<stat pass="1" fail="0" skip="0">All Tests</stat>
</total>
<tag>
</tag>
<suite>
<stat pass="1" fail="0" skip="0" id="s1" name="Variable">Variable</stat>
</suite>
</statistics>
<errors>
</errors>
</robot>
