<?xml version="1.0" encoding="UTF-8"?>
<robot generator="Robot 7.0.1 (Python 3.12.5 on win32)" generated="2024-09-08T02:23:24.010834" rpa="false" schemaversion="5">
<suite id="s1" name="Loop" source="C:\Users\howah\Documents\pycharm\TestProject\Looping\loop.robot">
<test id="s1-t1" name="Test Looping" line="10">
<for flavor="IN RANGE">
<iter>
<kw name="Log To Console" owner="BuiltIn">
<arg>${i}</arg>
<doc>Logs the given message to the console.</doc>
<status status="PASS" start="2024-09-08T02:23:24.344302" elapsed="0.000000"/>
</kw>
<var name="${i}">1</var>
<status status="PASS" start="2024-09-08T02:23:24.343303" elapsed="0.000999"/>
</iter>
<iter>
<kw name="Log To Console" owner="BuiltIn">
<arg>${i}</arg>
<doc>Logs the given message to the console.</doc>
<status status="PASS" start="2024-09-08T02:23:24.345302" elapsed="0.000000"/>
</kw>
<var name="${i}">2</var>
<status status="PASS" start="2024-09-08T02:23:24.345302" elapsed="0.001001"/>
</iter>
<iter>
<kw name="Log To Console" owner="BuiltIn">
<arg>${i}</arg>
<doc>Logs the given message to the console.</doc>
<status status="PASS" start="2024-09-08T02:23:24.346303" elapsed="0.000000"/>
</kw>
<var name="${i}">3</var>
<status status="PASS" start="2024-09-08T02:23:24.346303" elapsed="0.000000"/>
</iter>
<iter>
<kw name="Log To Console" owner="BuiltIn">
<arg>${i}</arg>
<doc>Logs the given message to the console.</doc>
<status status="PASS" start="2024-09-08T02:23:24.347301" elapsed="0.000000"/>
</kw>
<var name="${i}">4</var>
<status status="PASS" start="2024-09-08T02:23:24.346303" elapsed="0.000998"/>
</iter>
<iter>
<kw name="Log To Console" owner="BuiltIn">
<arg>${i}</arg>
<doc>Logs the given message to the console.</doc>
<status status="PASS" start="2024-09-08T02:23:24.347301" elapsed="0.001003"/>
</kw>
<var name="${i}">5</var>
<status status="PASS" start="2024-09-08T02:23:24.347301" elapsed="0.001003"/>
</iter>
<iter>
<kw name="Log To Console" owner="BuiltIn">
<arg>${i}</arg>
<doc>Logs the given message to the console.</doc>
<status status="PASS" start="2024-09-08T02:23:24.348304" elapsed="0.000000"/>
</kw>
<var name="${i}">6</var>
<status status="PASS" start="2024-09-08T02:23:24.348304" elapsed="0.000996"/>
</iter>
<iter>
<kw name="Log To Console" owner="BuiltIn">
<arg>${i}</arg>
<doc>Logs the given message to the console.</doc>
<status status="PASS" start="2024-09-08T02:23:24.349300" elapsed="0.000999"/>
</kw>
<var name="${i}">7</var>
<status status="PASS" start="2024-09-08T02:23:24.349300" elapsed="0.000999"/>
</iter>
<iter>
<kw name="Log To Console" owner="BuiltIn">
<arg>${i}</arg>
<doc>Logs the given message to the console.</doc>
<status status="PASS" start="2024-09-08T02:23:24.350299" elapsed="0.000999"/>
</kw>
<var name="${i}">8</var>
<status status="PASS" start="2024-09-08T02:23:24.350299" elapsed="0.000999"/>
</iter>
<iter>
<kw name="Log To Console" owner="BuiltIn">
<arg>${i}</arg>
<doc>Logs the given message to the console.</doc>
<status status="PASS" start="2024-09-08T02:23:24.351298" elapsed="0.001000"/>
</kw>
<var name="${i}">9</var>
<status status="PASS" start="2024-09-08T02:23:24.351298" elapsed="0.001000"/>
</iter>
<iter>
<kw name="Log To Console" owner="BuiltIn">
<arg>${i}</arg>
<doc>Logs the given message to the console.</doc>
<status status="PASS" start="2024-09-08T02:23:24.352298" elapsed="0.000000"/>
</kw>
<var name="${i}">10</var>
<status status="PASS" start="2024-09-08T02:23:24.352298" elapsed="0.000000"/>
</iter>
<iter>
<kw name="Log To Console" owner="BuiltIn">
<arg>${i}</arg>
<doc>Logs the given message to the console.</doc>
<status status="PASS" start="2024-09-08T02:23:24.353297" elapsed="0.000000"/>
</kw>
<var name="${i}">11</var>
<status status="PASS" start="2024-09-08T02:23:24.353297" elapsed="0.000000"/>
</iter>
<iter>
<kw name="Log To Console" owner="BuiltIn">
<arg>${i}</arg>
<doc>Logs the given message to the console.</doc>
<status status="PASS" start="2024-09-08T02:23:24.354317" elapsed="0.000000"/>
</kw>
<var name="${i}">12</var>
<status status="PASS" start="2024-09-08T02:23:24.354317" elapsed="0.000000"/>
</iter>
<iter>
<kw name="Log To Console" owner="BuiltIn">
<arg>${i}</arg>
<doc>Logs the given message to the console.</doc>
<status status="PASS" start="2024-09-08T02:23:24.355317" elapsed="0.000000"/>
</kw>
<var name="${i}">13</var>
<status status="PASS" start="2024-09-08T02:23:24.355317" elapsed="0.000000"/>
</iter>
<iter>
<kw name="Log To Console" owner="BuiltIn">
<arg>${i}</arg>
<doc>Logs the given message to the console.</doc>
<status status="PASS" start="2024-09-08T02:23:24.356298" elapsed="0.000000"/>
</kw>
<var name="${i}">14</var>
<status status="PASS" start="2024-09-08T02:23:24.355317" elapsed="0.000981"/>
</iter>
<iter>
<kw name="Log To Console" owner="BuiltIn">
<arg>${i}</arg>
<doc>Logs the given message to the console.</doc>
<status status="PASS" start="2024-09-08T02:23:24.357295" elapsed="0.000000"/>
</kw>
<var name="${i}">15</var>
<status status="PASS" start="2024-09-08T02:23:24.356298" elapsed="0.000997"/>
</iter>
<iter>
<kw name="Log To Console" owner="BuiltIn">
<arg>${i}</arg>
<doc>Logs the given message to the console.</doc>
<status status="PASS" start="2024-09-08T02:23:24.358295" elapsed="0.000000"/>
</kw>
<var name="${i}">16</var>
<status status="PASS" start="2024-09-08T02:23:24.357295" elapsed="0.001000"/>
</iter>
<iter>
<kw name="Log To Console" owner="BuiltIn">
<arg>${i}</arg>
<doc>Logs the given message to the console.</doc>
<status status="PASS" start="2024-09-08T02:23:24.358295" elapsed="0.000000"/>
</kw>
<var name="${i}">17</var>
<status status="PASS" start="2024-09-08T02:23:24.358295" elapsed="0.001002"/>
</iter>
<iter>
<kw name="Log To Console" owner="BuiltIn">
<arg>${i}</arg>
<doc>Logs the given message to the console.</doc>
<status status="PASS" start="2024-09-08T02:23:24.359297" elapsed="0.000000"/>
</kw>
<var name="${i}">18</var>
<status status="PASS" start="2024-09-08T02:23:24.359297" elapsed="0.000000"/>
</iter>
<iter>
<kw name="Log To Console" owner="BuiltIn">
<arg>${i}</arg>
<doc>Logs the given message to the console.</doc>
<status status="PASS" start="2024-09-08T02:23:24.360296" elapsed="0.000998"/>
</kw>
<var name="${i}">19</var>
<status status="PASS" start="2024-09-08T02:23:24.359297" elapsed="0.001997"/>
</iter>
<var>${i}</var>
<value>1</value>
<value>20</value>
<status status="PASS" start="2024-09-08T02:23:24.342303" elapsed="0.018991"/>
</for>
<for flavor="IN">
<iter>
<kw name="Log To Console" owner="BuiltIn">
<arg>${i}</arg>
<doc>Logs the given message to the console.</doc>
<status status="PASS" start="2024-09-08T02:23:24.363295" elapsed="0.000000"/>
</kw>
<var name="${i}">PC PS LAPTOP</var>
<status status="PASS" start="2024-09-08T02:23:24.362292" elapsed="0.001003"/>
</iter>
<var>${i}</var>
<value>@{ITEMS}</value>
<status status="PASS" start="2024-09-08T02:23:24.362292" elapsed="0.001003"/>
</for>
<status status="PASS" start="2024-09-08T02:23:24.342303" elapsed="0.022009"/>
</test>
<status status="PASS" start="2024-09-08T02:23:24.012828" elapsed="0.352463"/>
</suite>
<statistics>
<total>
<stat pass="1" fail="0" skip="0">All Tests</stat>
</total>
<tag>
</tag>
<suite>
<stat pass="1" fail="0" skip="0" id="s1" name="Loop">Loop</stat>
</suite>
</statistics>
<errors>
</errors>
</robot>
